
STAMP Structural Alignment of Multiple Proteins

Version 4.4.2 (6th August 2015)
 by Robert B. Russell & Geoffrey J. Barton 
 Please cite PROTEINS, v14, 309-323, 1992

Running roughfit.

    Sc = STAMP score, RMS = RMS deviation, Align = alignment length
    Len1, Len2 = length of domain, Nfit = residues fitted
    Secs = no. equivalent sec. strucs. Eq = no. equivalent residues
    %I = seq. identity, %S = sec. str. identity
    P(m)  = P value (p=1/10) calculated after Murzin (1993), JMB, 230, 689-694
            (NC = P value not calculated - potential FP overflow)

     No.  Domain1         Domain2         Sc     RMS    Len1 Len2  Align NFit Eq. Secs.   %I   %S   P(m)
Pair   1  7y6m            2wv7            7.50   1.01    290  298   302  261 257    0  54.09 100.00 1.95e-69 
Pair   2  7y6m            2x8j            7.49   1.04    290  302   301  260 253    0  53.75 100.00 1.58e-67 
Pair   3  7y6m            6f9m            7.49   0.99    290  293   296  254 252    0  60.32 100.00 4.44e-85 
Pair   4  7y6m            7xr8            7.78   0.88    290  292   297  260 259    0  66.41 100.00 0.00e+00 
Pair   5  7y6m            Mod1            8.62   0.65    290  319   291  289 288    0  80.56 100.00 0.00e+00 
Pair   6  7y6m            Mod2            8.59   0.65    290  319   291  288 287    0  80.49 100.00 0.00e+00 
Pair   7  2wv7            2x8j            9.36   0.36    298  302   303  294 292    0  99.66 100.00 0.00e+00 
Pair   8  2wv7            6f9m            9.06   0.72    298  293   295  287 285    0  57.19 100.00 4.02e-86 
Pair   9  2wv7            7xr8            8.75   0.70    298  292   300  279 279    0  55.91 100.00 1.55e-80 
Pair  10  2wv7            Mod1            8.08   0.64    298  319   315  279 279    0  52.69 100.00 2.83e-71 
Pair  11  2wv7            Mod2            8.18   0.62    298  319   317  279 279    0  52.69 100.00 2.83e-71 
Pair  12  2x8j            6f9m            8.91   0.70    302  293   298  286 285    0  57.54 100.00 3.33e-87 
Pair  13  2x8j            7xr8            8.49   0.70    302  292   305  277 275    0  56.36 100.00 1.02e-80 
Pair  14  2x8j            Mod1            8.09   0.72    302  319   316  280 276    0  52.54 100.00 4.14e-70 
Pair  15  2x8j            Mod2            8.19   0.70    302  319   318  280 277    0  52.35 100.00 7.83e-70 
Pair  16  6f9m            7xr8            8.63   0.70    293  292   299  275 274    0  62.77 100.00 3.85e-100 
Pair  17  6f9m            Mod1            7.92   0.74    293  319   311  273 273    0  58.24 100.00 1.35e-84 
Pair  18  6f9m            Mod2            7.94   0.74    293  319   311  274 274    0  58.03 100.00 2.33e-85 
Pair  19  7xr8            Mod1            8.27   0.50    292  319   312  279 279    0  63.80 100.00 0.00e+00 
Pair  20  7xr8            Mod2            8.22   0.53    292  319   312  278 278    0  63.67 100.00 0.00e+00 
Pair  21  Mod1            Mod2            9.25   0.32    319  319   315  309 309    0 100.00 100.00 0.00e+00 
Reading in matrix file seq_mods_templates.mat...
Doing cluster analysis...
Cluster:  1 (    2wv7  &     2x8j ) Sc  9.36 RMS   0.36 Len 303 nfit 294 
 See file seq_mods_templates.1 for the alignment and transformations
Cluster:  2 (    Mod1  &     Mod2 ) Sc  9.25 RMS   0.32 Len 315 nfit 309 
 See file seq_mods_templates.2 for the alignment and transformations
Cluster:  3 (    6f9m  &     2wv7     2x8j ) Sc  9.32 RMS   0.69 Len 299 nfit 285 
 See file seq_mods_templates.3 for the alignment and transformations
Cluster:  4 (    7xr8  &     6f9m     2wv7     2x8j ) Sc  9.10 RMS   0.68 Len 307 nfit 277 
 See file seq_mods_templates.4 for the alignment and transformations
Cluster:  5 (    7y6m  &     Mod1     Mod2 ) Sc  9.18 RMS   0.65 Len 291 nfit 289 
 See file seq_mods_templates.5 for the alignment and transformations
Cluster:  6 (    7xr8     6f9m     2wv7     2x8j  &     7y6m     Mod1     Mod2 ) Sc  8.79 RMS   0.64 Len 326 nfit 258 
 See file seq_mods_templates.6 for the alignment and transformations
